<?xml version="1.0" encoding="UTF-8"?>
<!-- Generated by org.testng.reporters.JUnitReportReporter -->
<testsuite skipped="0" hostname="DESKTOP-G0D562V" name="com.resurrectionSeleniumARF.TestNgParallelExecution" tests="3" failures="0" timestamp="12 Jan 2020 13:38:54 GMT" time="57.831" errors="0">
  <testcase name="loginBing" time="14.052" classname="com.resurrectionSeleniumARF.TestNgParallelExecution"/>
  <testcase name="loginGoogle" time="15.216" classname="com.resurrectionSeleniumARF.TestNgParallelExecution"/>
  <testcase name="loginRediff" time="28.563" classname="com.resurrectionSeleniumARF.TestNgParallelExecution"/>
</testsuite> <!-- com.resurrectionSeleniumARF.TestNgParallelExecution -->
