<?xml version="1.0" encoding="UTF-8"?>
<!-- Generated by org.testng.reporters.JUnitReportReporter -->
<testsuite skipped="1" hostname="DESKTOP-G0D562V" name="com.resurrectionSeleniumARF.TestNgDataDrivingHashTable" tests="3" failures="0" timestamp="01 Feb 2020 12:53:16 GMT" time="0.017" errors="0">
  <testcase name="ExcelHashTable" time="0.015" classname="com.resurrectionSeleniumARF.TestNgDataDrivingHashTable"/>
  <testcase name="ExcelHashTable" time="0.002" classname="com.resurrectionSeleniumARF.TestNgDataDrivingHashTable"/>
  <testcase name="mymethod" classname="com.resurrectionSeleniumARF.TestNgDataDrivingHashTable">
    <skipped/>
  </testcase> <!-- mymethod -->
</testsuite> <!-- com.resurrectionSeleniumARF.TestNgDataDrivingHashTable -->
