<?xml version="1.0" encoding="UTF-8"?>
<!-- Generated by org.testng.reporters.JUnitReportReporter -->
<testsuite skipped="0" hostname="DESKTOP-G0D562V" name="com.resurrectionSeleniumARF.Allconcepts" tests="1" failures="0" timestamp="03 Mar 2020 14:22:09 GMT" time="21.969" errors="0">
  <testcase name="dummy" time="21.969" classname="com.resurrectionSeleniumARF.Allconcepts"/>
</testsuite> <!-- com.resurrectionSeleniumARF.Allconcepts -->
