<?xml version="1.0" encoding="UTF-8"?>
<!-- Generated by org.testng.reporters.JUnitReportReporter -->
<testsuite skipped="0" hostname="DESKTOP-G0D562V" name="com.resurrectionCases.TestNGdemo1" tests="1" failures="0" timestamp="03 Feb 2020 10:53:49 GMT" time="0.019" errors="0">
  <testcase name="methodoneOne" time="0.019" classname="com.resurrectionCases.TestNGdemo1"/>
</testsuite> <!-- com.resurrectionCases.TestNGdemo1 -->
