<?xml version="1.0" encoding="UTF-8"?>
<!-- Generated by org.testng.reporters.JUnitReportReporter -->
<testsuite skipped="2" hostname="DESKTOP-G0D562V" name="com.resurrectionSeleniumARF.TestNGSkipException" tests="2" failures="0" timestamp="04 Feb 2020 08:44:22 GMT" time="0.028" errors="0">
  <testcase name="skipExceptiondemo" time="0.028" classname="com.resurrectionSeleniumARF.TestNGSkipException">
    <skipped/>
  </testcase> <!-- skipExceptiondemo -->
  <testcase name="skipdemo1" classname="com.resurrectionSeleniumARF.TestNGSkipException">
    <skipped/>
  </testcase> <!-- skipdemo1 -->
</testsuite> <!-- com.resurrectionSeleniumARF.TestNGSkipException -->
