<?xml version="1.0" encoding="UTF-8"?>
<!-- Generated by org.testng.reporters.JUnitReportReporter -->
<testsuite skipped="0" hostname="DESKTOP-G0D562V" name="com.resurrectionCases.testngDemo" tests="2" failures="0" timestamp="03 Feb 2020 10:12:44 GMT" time="0.020" errors="0">
  <testcase name="firstNG" time="0.010" classname="com.resurrectionCases.testngDemo"/>
  <testcase name="secondNG" time="0.010" classname="com.resurrectionCases.testngDemo"/>
</testsuite> <!-- com.resurrectionCases.testngDemo -->
