<?xml version="1.0" encoding="UTF-8"?>
<!-- Generated by org.testng.reporters.JUnitReportReporter -->
<testsuite skipped="0" hostname="DESKTOP-G0D562V" name="com.resurrectionSeleniumARF.Webtable" tests="1" failures="0" timestamp="20 Jan 2020 13:56:00 GMT" time="27.014" errors="0">
  <testcase name="Webtablework" time="27.014" classname="com.resurrectionSeleniumARF.Webtable"/>
</testsuite> <!-- com.resurrectionSeleniumARF.Webtable -->
