<?xml version="1.0" encoding="UTF-8"?>
<!-- Generated by org.testng.reporters.JUnitReportReporter -->
<testsuite skipped="0" hostname="DESKTOP-G0D562V" name="com.resurrectionSeleniumARF.TestNGinvocationCount" tests="5" failures="0" timestamp="14 Jan 2020 17:06:08 GMT" time="0.036" errors="0">
  <testcase name="login" time="0.024" classname="com.resurrectionSeleniumARF.TestNGinvocationCount"/>
  <testcase name="login" time="0.003" classname="com.resurrectionSeleniumARF.TestNGinvocationCount"/>
  <testcase name="login" time="0.002" classname="com.resurrectionSeleniumARF.TestNGinvocationCount"/>
  <testcase name="login" time="0.003" classname="com.resurrectionSeleniumARF.TestNGinvocationCount"/>
  <testcase name="login" time="0.004" classname="com.resurrectionSeleniumARF.TestNGinvocationCount"/>
</testsuite> <!-- com.resurrectionSeleniumARF.TestNGinvocationCount -->
