<?xml version="1.0" encoding="UTF-8"?>
<!-- Generated by org.testng.reporters.JUnitReportReporter -->
<testsuite skipped="0" hostname="DESKTOP-G0D562V" name="com.resurrectionCases.TestNGDemo3" tests="2" failures="0" timestamp="03 Feb 2020 10:12:44 GMT" time="0.006" errors="0">
  <testcase name="methodoneTwo" time="0.003" classname="com.resurrectionCases.TestNGDemo3"/>
  <testcase name="methodtwoTwo" time="0.003" classname="com.resurrectionCases.TestNGDemo3"/>
</testsuite> <!-- com.resurrectionCases.TestNGDemo3 -->
