<?xml version="1.0" encoding="UTF-8"?>
<!-- Generated by org.testng.reporters.JUnitReportReporter -->
<testsuite skipped="0" hostname="DESKTOP-G0D562V" name="com.resurrectionSeleniumARF.ClassTag2Child" tests="1" failures="0" timestamp="11 Mar 2020 17:26:19 GMT" time="0.010" errors="0">
  <testcase name="dummy" time="0.010" classname="com.resurrectionSeleniumARF.ClassTag2Child"/>
</testsuite> <!-- com.resurrectionSeleniumARF.ClassTag2Child -->
