<?xml version="1.0" encoding="UTF-8"?>
<!-- Generated by org.testng.reporters.JUnitReportReporter -->
<testsuite skipped="0" hostname="DESKTOP-G0D562V" name="com.resurrectionSeleniumARF.TestNGDataProviderDemo" tests="2" failures="0" timestamp="19 Jan 2020 14:41:22 GMT" time="28.858" errors="0">
  <testcase name="signin" time="13.505" classname="com.resurrectionSeleniumARF.TestNGDataProviderDemo"/>
  <testcase name="signin" time="15.353" classname="com.resurrectionSeleniumARF.TestNGDataProviderDemo"/>
</testsuite> <!-- com.resurrectionSeleniumARF.TestNGDataProviderDemo -->
