<?xml version="1.0" encoding="UTF-8"?>
<!-- Generated by org.testng.reporters.JUnitReportReporter -->
<testsuite skipped="0" hostname="DESKTOP-G0D562V" name="com.resurrectionCases.testngDemo" tests="2" failures="0" timestamp="24 Dec 2019 19:13:37 GMT" time="0.025" errors="0">
  <testcase name="secondNG" time="0.016" classname="com.resurrectionCases.testngDemo"/>
  <testcase name="firstNG" time="0.009" classname="com.resurrectionCases.testngDemo"/>
</testsuite> <!-- com.resurrectionCases.testngDemo -->
