<?xml version="1.0" encoding="UTF-8"?>
<!-- Generated by org.testng.reporters.JUnitReportReporter -->
<testsuite skipped="0" hostname="DESKTOP-G0D562V" name="com.resurrectionCases.Demo" tests="2" failures="0" timestamp="24 Dec 2019 19:11:14 GMT" time="0.016" errors="0">
  <testcase name="secondNG" time="0.010" classname="com.resurrectionCases.Demo"/>
  <testcase name="firstNG" time="0.006" classname="com.resurrectionCases.Demo"/>
</testsuite> <!-- com.resurrectionCases.Demo -->
