<?xml version="1.0" encoding="UTF-8"?>
<!-- Generated by org.testng.reporters.JUnitReportReporter -->
<testsuite skipped="0" hostname="DESKTOP-G0D562V" name="com.resurrectionSeleniumARF.ClassTag3" tests="1" failures="0" timestamp="11 Mar 2020 17:26:19 GMT" time="0.003" errors="0">
  <testcase name="dummy3" time="0.003" classname="com.resurrectionSeleniumARF.ClassTag3"/>
</testsuite> <!-- com.resurrectionSeleniumARF.ClassTag3 -->
