<?xml version="1.0" encoding="UTF-8"?>
<!-- Generated by org.testng.reporters.JUnitReportReporter -->
<testsuite skipped="0" hostname="DESKTOP-G0D562V" name="com.resurrectionSeleniumARF.Webtable" tests="1" failures="0" timestamp="14 Feb 2020 16:41:26 GMT" time="21.041" errors="0">
  <testcase name="Webtablework" time="21.041" classname="com.resurrectionSeleniumARF.Webtable"/>
</testsuite> <!-- com.resurrectionSeleniumARF.Webtable -->
